<?xml version="1.0" encoding="UTF-8"?>
<!-- Generated by org.testng.reporters.JUnitReportReporter -->
<testsuite skipped="0" hostname="CHNMCT326196L" name="productCatalog.productCatalogUIValidations" tests="1" failures="0" timestamp="20 Sep 2020 21:02:23 GMT" time="75.963" errors="0">
  <testcase name="updateProfile" time="75.963" classname="productCatalog.productCatalogUIValidations"/>
</testsuite> <!-- productCatalog.productCatalogUIValidations -->
